-------------------------------------------------------------------------------
Test set: com.hrms.DeptManApiTest
-------------------------------------------------------------------------------
Tests run: 11, Failures: 2, Errors: 0, Skipped: 0, Time elapsed: 0.122 s <<< FAILURE! -- in com.hrms.DeptManApiTest
com.hrms.DeptManApiTest.testDeleteDeptManagerByDeptNoAndFromDate -- Time elapsed: 0.003 s <<< FAILURE!
java.lang.AssertionError
	at com.hrms.DeptManApiTest.testDeleteDeptManagerByDeptNoAndFromDate(DeptManApiTest.java:129)
	at java.base/java.lang.reflect.Method.invoke(Method.java:568)
	at java.base/java.util.ArrayList.forEach(ArrayList.java:1511)
	at java.base/java.util.ArrayList.forEach(ArrayList.java:1511)

com.hrms.DeptManApiTest.testDeleteDeptManagerByEmpNoAndDeptNo -- Time elapsed: 0.004 s <<< FAILURE!
org.opentest4j.AssertionFailedError: expected: <DeptManager deleted Successfully> but was: <DeptManager Deleted Successfully>
	at org.junit.jupiter.api.AssertionFailureBuilder.build(AssertionFailureBuilder.java:151)
	at org.junit.jupiter.api.AssertionFailureBuilder.buildAndThrow(AssertionFailureBuilder.java:132)
	at org.junit.jupiter.api.AssertEquals.failNotEqual(AssertEquals.java:197)
	at org.junit.jupiter.api.AssertEquals.assertEquals(AssertEquals.java:182)
	at org.junit.jupiter.api.AssertEquals.assertEquals(AssertEquals.java:177)
	at org.junit.jupiter.api.Assertions.assertEquals(Assertions.java:1145)
	at com.hrms.DeptManApiTest.testDeleteDeptManagerByEmpNoAndDeptNo(DeptManApiTest.java:84)
	at java.base/java.lang.reflect.Method.invoke(Method.java:568)
	at java.base/java.util.ArrayList.forEach(ArrayList.java:1511)
	at java.base/java.util.ArrayList.forEach(ArrayList.java:1511)

