-------------------------------------------------------------------------------
Test set: com.hrms.EmployeeServiceTest
-------------------------------------------------------------------------------
Tests run: 9, Failures: 0, Errors: 4, Skipped: 0, Time elapsed: 0.231 s <<< FAILURE! -- in com.hrms.EmployeeServiceTest
com.hrms.EmployeeServiceTest.testUpdateBirthDateByEmpId -- Time elapsed: 0.008 s <<< ERROR!
java.lang.ClassCastException: class java.util.Date cannot be cast to class java.sql.Date (java.util.Date is in module java.base of loader 'bootstrap'; java.sql.Date is in module java.sql of loader 'platform')
	at com.hrms.service.EmployeeServiceImpl.updateBirthDateByEmpId(EmployeeServiceImpl.java:115)
	at com.hrms.EmployeeServiceTest.testUpdateBirthDateByEmpId(EmployeeServiceTest.java:174)
	at java.base/java.lang.reflect.Method.invoke(Method.java:568)
	at java.base/java.util.ArrayList.forEach(ArrayList.java:1511)
	at java.base/java.util.ArrayList.forEach(ArrayList.java:1511)

com.hrms.EmployeeServiceTest.testUpdateLastNameByEmpId -- Time elapsed: 0.007 s <<< ERROR!
java.lang.NullPointerException: Cannot invoke "com.hrms.beans.Employee.getLastName()" because "updatedEmployee" is null
	at com.hrms.EmployeeServiceTest.testUpdateLastNameByEmpId(EmployeeServiceTest.java:90)
	at java.base/java.lang.reflect.Method.invoke(Method.java:568)
	at java.base/java.util.ArrayList.forEach(ArrayList.java:1511)
	at java.base/java.util.ArrayList.forEach(ArrayList.java:1511)

com.hrms.EmployeeServiceTest.testUpdateHireDateByEmpId1 -- Time elapsed: 0.008 s <<< ERROR!
java.lang.ClassCastException: class java.util.Date cannot be cast to class java.sql.Date (java.util.Date is in module java.base of loader 'bootstrap'; java.sql.Date is in module java.sql of loader 'platform')
	at com.hrms.service.EmployeeServiceImpl.updateHireDateByEmpId(EmployeeServiceImpl.java:93)
	at com.hrms.EmployeeServiceTest.testUpdateHireDateByEmpId1(EmployeeServiceTest.java:125)
	at java.base/java.lang.reflect.Method.invoke(Method.java:568)
	at java.base/java.util.ArrayList.forEach(ArrayList.java:1511)
	at java.base/java.util.ArrayList.forEach(ArrayList.java:1511)

com.hrms.EmployeeServiceTest.testUpdateHireDateByEmpId -- Time elapsed: 0.006 s <<< ERROR!
java.lang.ClassCastException: class java.util.Date cannot be cast to class java.sql.Date (java.util.Date is in module java.base of loader 'bootstrap'; java.sql.Date is in module java.sql of loader 'platform')
	at com.hrms.EmployeeServiceTest.testUpdateHireDateByEmpId(EmployeeServiceTest.java:101)
	at java.base/java.lang.reflect.Method.invoke(Method.java:568)
	at java.base/java.util.ArrayList.forEach(ArrayList.java:1511)
	at java.base/java.util.ArrayList.forEach(ArrayList.java:1511)

